\BOOKMARK [1][-]{section.1}{\376\377\000M\000a\000t\000r\000i\000x}{}% 1
\BOOKMARK [1][-]{section.2}{\376\377\000I\000R\000I\000S}{}% 2
\BOOKMARK [2][-]{subsection.2.1}{\376\377\000P\000l\000o\000t\000\040\000t\000h\000e\000\040\000D\000a\000t\000a\000\040\000S\000e\000t}{section.2}% 3
\BOOKMARK [2][-]{subsection.2.2}{\376\377\000D\000e\000f\000i\000n\000e\000\040\000t\000h\000e\000\040\000D\000a\000t\000a\000\040\000S\000e\000t}{section.2}% 4
\BOOKMARK [1][-]{section.3}{\376\377\000P\000e\000r\000s\000o\000n\000a\000l\000i\000t\000y}{}% 5
\BOOKMARK [2][-]{subsection.3.1}{\376\377\000C\000l\000e\000a\000n\000u\000p\000\040\000R\000a\000w\000\040\000D\000a\000t\000a\000\040\000S\000e\000t}{section.3}% 6
\BOOKMARK [2][-]{subsection.3.2}{\376\377\000E\000x\000p\000o\000r\000t\000\040\000C\000l\000e\000a\000n\000\040\000D\000a\000t\000a\000\040\000S\000e\000t}{section.3}% 7
\BOOKMARK [2][-]{subsection.3.3}{\376\377\000R\000e\000p\000o\000r\000t\000\040\000R\000e\000c\000o\000r\000d\000s}{section.3}% 8
\BOOKMARK [1][-]{section.4}{\376\377\000V\000a\000r\000i\000a\000n\000c\000e\000\040\000a\000n\000d\000\040\000Z\000-\000S\000c\000o\000r\000e\000s}{}% 9
\BOOKMARK [2][-]{subsection.4.1}{\376\377\000V\000a\000r\000i\000a\000n\000c\000e}{section.4}% 10
\BOOKMARK [2][-]{subsection.4.2}{\376\377\000Z\000-\000S\000c\000o\000r\000e\000s}{section.4}% 11
\BOOKMARK [1][-]{section.5}{\376\377\000W\000i\000l\000l\000\040\000v\000s\000.\000\040\000D\000e\000n\000z\000e\000l}{}% 12
\BOOKMARK [2][-]{subsection.5.1}{\376\377\000A\000c\000q\000u\000i\000r\000e\000\040\000n\000e\000c\000e\000s\000s\000a\000r\000y\000\040\000d\000a\000t\000a\000\040\000f\000r\000o\000m\000\040\000I\000M\000D\000B}{section.5}% 13
\BOOKMARK [3][-]{subsubsection.5.1.1}{\376\377\000W\000i\000l\000l\000\040\000S\000m\000i\000t\000h}{subsection.5.1}% 14
\BOOKMARK [3][-]{subsubsection.5.1.2}{\376\377\000D\000e\000n\000z\000e\000l\000\040\000W\000a\000s\000h\000i\000n\000g\000t\000o\000n}{subsection.5.1}% 15
\BOOKMARK [2][-]{subsection.5.2}{\376\377\000C\000o\000n\000v\000e\000r\000t\000\040\000R\000a\000w\000\040\000D\000o\000l\000l\000a\000r\000s\000\040\000t\000o\000\040\000D\000o\000l\000l\000a\000r\000s\000\040\000i\000n\000\040\0002\0000\0000\0000\000\040\000t\000o\000\040\000A\000c\000c\000o\000u\000n\000t\000\040\000F\000o\000r\000\040\000I\000n\000f\000l\000a\000t\000i\000o\000n}{section.5}% 16
\BOOKMARK [2][-]{subsection.5.3}{\376\377\000S\000i\000d\000e\000-\000b\000y\000-\000S\000i\000d\000e\000\040\000C\000o\000m\000p\000a\000r\000i\000s\000o\000n\000s}{section.5}% 17
\BOOKMARK [3][-]{subsubsection.5.3.1}{\376\377\000T\000o\000p\000\040\0005\0000\000\040\000M\000o\000v\000i\000e\000s\000\040\000U\000s\000i\000n\000g\000\040\000R\000a\000w\000\040\000D\000o\000l\000l\000a\000r\000s}{subsection.5.3}% 18
\BOOKMARK [3][-]{subsubsection.5.3.2}{\376\377\000T\000o\000p\000\040\0005\0000\000\040\000M\000o\000v\000i\000e\000s\000\040\000U\000s\000i\000n\000g\000\040\000A\000d\000j\000u\000s\000t\000e\000d\000\040\000D\000o\000l\000l\000a\000r\000s\000\040\000\050\0002\0000\0000\0000\000\051}{subsection.5.3}% 19
\BOOKMARK [3][-]{subsubsection.5.3.3}{\376\377\000T\000o\000t\000a\000l\000\040\000V\000o\000t\000e\000s}{subsection.5.3}% 20
\BOOKMARK [3][-]{subsubsection.5.3.4}{\376\377\000A\000v\000e\000r\000a\000g\000e\000\040\000R\000a\000t\000i\000n\000g\000s}{subsection.5.3}% 21
\BOOKMARK [3][-]{subsubsection.5.3.5}{\376\377\000Y\000e\000a\000r\000\040\000R\000e\000l\000e\000a\000s\000e\000d}{subsection.5.3}% 22
\BOOKMARK [3][-]{subsubsection.5.3.6}{\376\377\000L\000e\000n\000g\000t\000h\000\040\000o\000f\000\040\000M\000o\000v\000i\000e\000\040\000\050\000i\000n\000\040\000m\000i\000n\000u\000t\000e\000s\000\051}{subsection.5.3}% 23
